

Started GET "/assets/rails.png" for 127.0.0.1 at Thu May 10 20:09:54 +0530 2012
Served asset /rails.png - 200 OK (6ms)


Started GET "/dummy_app" for 127.0.0.1 at Thu May 10 20:10:08 +0530 2012

ActionController::RoutingError (No route matches [GET] "/dummy_app"):
  actionpack (3.2.3) lib/action_dispatch/middleware/debug_exceptions.rb:21:in `call'
  actionpack (3.2.3) lib/action_dispatch/middleware/show_exceptions.rb:56:in `call'
  railties (3.2.3) lib/rails/rack/logger.rb:26:in `call_app'
  railties (3.2.3) lib/rails/rack/logger.rb:16:in `call'
  actionpack (3.2.3) lib/action_dispatch/middleware/request_id.rb:22:in `call'
  rack (1.4.1) lib/rack/methodoverride.rb:21:in `call'
  rack (1.4.1) lib/rack/runtime.rb:17:in `call'
  activesupport (3.2.3) lib/active_support/cache/strategy/local_cache.rb:72:in `call'
  rack (1.4.1) lib/rack/lock.rb:15:in `call'
  actionpack (3.2.3) lib/action_dispatch/middleware/static.rb:62:in `call'
  railties (3.2.3) lib/rails/engine.rb:479:in `call'
  railties (3.2.3) lib/rails/application.rb:220:in `call'
  rack (1.4.1) lib/rack/content_length.rb:14:in `call'
  railties (3.2.3) lib/rails/rack/log_tailer.rb:14:in `call'
  rack (1.4.1) lib/rack/handler/webrick.rb:59:in `service'
  /opt/local/lib/ruby/1.8/webrick/httpserver.rb:104:in `service'
  /opt/local/lib/ruby/1.8/webrick/httpserver.rb:65:in `run'
  /opt/local/lib/ruby/1.8/webrick/server.rb:173:in `start_thread'
  /opt/local/lib/ruby/1.8/webrick/server.rb:162:in `start'
  /opt/local/lib/ruby/1.8/webrick/server.rb:162:in `start_thread'
  /opt/local/lib/ruby/1.8/webrick/server.rb:95:in `start'
  /opt/local/lib/ruby/1.8/webrick/server.rb:92:in `each'
  /opt/local/lib/ruby/1.8/webrick/server.rb:92:in `start'
  /opt/local/lib/ruby/1.8/webrick/server.rb:23:in `start'
  /opt/local/lib/ruby/1.8/webrick/server.rb:82:in `start'
  rack (1.4.1) lib/rack/handler/webrick.rb:13:in `run'
  rack (1.4.1) lib/rack/server.rb:265:in `start'
  railties (3.2.3) lib/rails/commands/server.rb:70:in `start'
  railties (3.2.3) lib/rails/commands.rb:55
  railties (3.2.3) lib/rails/commands.rb:50:in `tap'
  railties (3.2.3) lib/rails/commands.rb:50
  script/rails:6:in `require'
  script/rails:6


  Rendered /opt/local/lib/ruby/gems/1.8/gems/actionpack-3.2.3/lib/action_dispatch/middleware/templates/rescues/routing_error.erb within rescues/layout (1.5ms)


Started GET "/rails/info/properties" for 127.0.0.1 at Thu May 10 20:10:22 +0530 2012
Processing by Rails::InfoController#properties as HTML
  Rendered inline template (0.4ms)
Completed 200 OK in 3ms (Views: 1.7ms | ActiveRecord: 0.0ms)


Started GET "/assets/rails.png" for 127.0.0.1 at Wed May 16 11:05:51 +0530 2012
Served asset /rails.png - 200 OK (15ms)
  [1m[36m (0.2ms)[0m  [1mselect sqlite_version(*)[0m
  [1m[35m (2.0ms)[0m  CREATE TABLE "schema_migrations" ("version" varchar(255) NOT NULL) 
  [1m[36m (0.4ms)[0m  [1mPRAGMA index_list("schema_migrations")[0m
  [1m[35m (1.3ms)[0m  CREATE UNIQUE INDEX "unique_schema_migrations" ON "schema_migrations" ("version")
  [1m[36m (0.1ms)[0m  [1mSELECT "schema_migrations"."version" FROM "schema_migrations" [0m
Migrating to CreateCourses (20120516054727)
  [1m[35m (0.0ms)[0m  begin transaction
  [1m[36m (0.4ms)[0m  [1mCREATE TABLE "courses" ("id" INTEGER PRIMARY KEY AUTOINCREMENT NOT NULL, "title" varchar(255), "description" text, "price" decimal, "seats" integer, "starts_at" datetime, "end_at" datetime, "created_at" datetime NOT NULL, "updated_at" datetime NOT NULL) [0m
  [1m[35m (0.1ms)[0m  INSERT INTO "schema_migrations" ("version") VALUES ('20120516054727')
  [1m[36m (1.1ms)[0m  [1mcommit transaction[0m
  [1m[35m (0.1ms)[0m  select sqlite_version(*)
  [1m[36m (0.1ms)[0m  [1mSELECT "schema_migrations"."version" FROM "schema_migrations" [0m
  [1m[35m (0.0ms)[0m  PRAGMA index_list("courses")


Started GET "/assets/rails.png" for 127.0.0.1 at Wed May 16 11:23:26 +0530 2012
Served asset /rails.png - 304 Not Modified (1ms)


Started GET "/courses" for 127.0.0.1 at Wed May 16 11:23:49 +0530 2012
Processing by CoursesController#index as HTML
  [1m[36mCourse Load (0.1ms)[0m  [1mSELECT "courses".* FROM "courses" [0m
  Rendered courses/index.html.erb within layouts/application (7.0ms)
Compiled courses.css  (18ms)  (pid 434)
Compiled scaffolds.css  (24ms)  (pid 434)
Compiled application.css  (60ms)  (pid 434)
Compiled jquery.js  (7ms)  (pid 434)
Compiled jquery_ujs.js  (0ms)  (pid 434)
Compiled courses.js  (125ms)  (pid 434)
Compiled application.js  (251ms)  (pid 434)
Completed 200 OK in 475ms (Views: 418.1ms | ActiveRecord: 1.1ms)


Started GET "/assets/application.css?body=1" for 127.0.0.1 at Wed May 16 11:23:49 +0530 2012
Served asset /application.css - 200 OK (10ms)


Started GET "/assets/courses.css?body=1" for 127.0.0.1 at Wed May 16 11:23:49 +0530 2012
Served asset /courses.css - 200 OK (2ms)


Started GET "/assets/scaffolds.css?body=1" for 127.0.0.1 at Wed May 16 11:23:49 +0530 2012
Served asset /scaffolds.css - 200 OK (2ms)


Started GET "/assets/jquery.js?body=1" for 127.0.0.1 at Wed May 16 11:23:49 +0530 2012
Served asset /jquery.js - 200 OK (3ms)


Started GET "/assets/jquery_ujs.js?body=1" for 127.0.0.1 at Wed May 16 11:23:49 +0530 2012
Served asset /jquery_ujs.js - 200 OK (3ms)


Started GET "/assets/courses.js?body=1" for 127.0.0.1 at Wed May 16 11:23:49 +0530 2012
Served asset /courses.js - 200 OK (3ms)


Started GET "/assets/application.js?body=1" for 127.0.0.1 at Wed May 16 11:23:49 +0530 2012
Served asset /application.js - 200 OK (44ms)


Started GET "/courses/new" for 127.0.0.1 at Wed May 16 11:23:52 +0530 2012
Processing by CoursesController#new as HTML
  Rendered courses/_form.html.erb (94.1ms)
  Rendered courses/new.html.erb within layouts/application (131.4ms)
Completed 200 OK in 142ms (Views: 135.3ms | ActiveRecord: 0.0ms)


Started GET "/assets/application.css?body=1" for 127.0.0.1 at Wed May 16 11:23:52 +0530 2012
Served asset /application.css - 304 Not Modified (0ms)


Started GET "/assets/courses.css?body=1" for 127.0.0.1 at Wed May 16 11:23:52 +0530 2012
Served asset /courses.css - 304 Not Modified (0ms)


Started GET "/assets/scaffolds.css?body=1" for 127.0.0.1 at Wed May 16 11:23:52 +0530 2012
Served asset /scaffolds.css - 304 Not Modified (0ms)


Started GET "/assets/jquery.js?body=1" for 127.0.0.1 at Wed May 16 11:23:52 +0530 2012
Served asset /jquery.js - 304 Not Modified (0ms)


Started GET "/assets/jquery_ujs.js?body=1" for 127.0.0.1 at Wed May 16 11:23:52 +0530 2012
Served asset /jquery_ujs.js - 304 Not Modified (0ms)


Started GET "/assets/courses.js?body=1" for 127.0.0.1 at Wed May 16 11:23:52 +0530 2012
Served asset /courses.js - 304 Not Modified (0ms)


Started GET "/assets/application.js?body=1" for 127.0.0.1 at Wed May 16 11:23:52 +0530 2012
Served asset /application.js - 304 Not Modified (0ms)


Started POST "/courses" for 127.0.0.1 at Wed May 16 11:24:55 +0530 2012
Processing by CoursesController#create as HTML
  Parameters: {"commit"=>"Create Course", "course"=>{"starts_at(1i)"=>"2012", "starts_at(2i)"=>"5", "starts_at(3i)"=>"16", "starts_at(4i)"=>"05", "seats"=>"1", "starts_at(5i)"=>"53", "price"=>"0.0", "description"=>"Wow just created this with 3 commands of the terminal", "end_at(1i)"=>"2012", "end_at(2i)"=>"5", "end_at(3i)"=>"20", "end_at(4i)"=>"05", "end_at(5i)"=>"53", "title"=>"Starting Ruby on Rails"}, "authenticity_token"=>"3aJ7YguFpXVbyjQ+6mZL3uT9tXpHCjmlE3yevxPGm0Y=", "utf8"=>"✓"}
  [1m[35m (0.1ms)[0m  begin transaction
  [1m[36mSQL (8.8ms)[0m  [1mINSERT INTO "courses" ("created_at", "description", "end_at", "price", "seats", "starts_at", "title", "updated_at") VALUES (?, ?, ?, ?, ?, ?, ?, ?)[0m  [["created_at", Wed, 16 May 2012 05:54:55 UTC +00:00], ["description", "Wow just created this with 3 commands of the terminal"], ["end_at", Sun, 20 May 2012 05:53:00 UTC +00:00], ["price", #<BigDecimal:10229c518,'0.0',9(18)>], ["seats", 1], ["starts_at", Wed, 16 May 2012 05:53:00 UTC +00:00], ["title", "Starting Ruby on Rails"], ["updated_at", Wed, 16 May 2012 05:54:55 UTC +00:00]]
  [1m[35m (1.1ms)[0m  commit transaction
Redirected to http://localhost:3000/courses/1
Completed 302 Found in 14ms (ActiveRecord: 10.1ms)


Started GET "/courses/1" for 127.0.0.1 at Wed May 16 11:24:55 +0530 2012
Processing by CoursesController#show as HTML
  Parameters: {"id"=>"1"}
  [1m[36mCourse Load (0.2ms)[0m  [1mSELECT "courses".* FROM "courses" WHERE "courses"."id" = ? LIMIT 1[0m  [["id", "1"]]
  Rendered courses/show.html.erb within layouts/application (1.3ms)
Completed 200 OK in 8ms (Views: 5.5ms | ActiveRecord: 0.2ms)


Started GET "/assets/application.css?body=1" for 127.0.0.1 at Wed May 16 11:24:55 +0530 2012
Served asset /application.css - 304 Not Modified (0ms)


Started GET "/assets/courses.css?body=1" for 127.0.0.1 at Wed May 16 11:24:55 +0530 2012
Served asset /courses.css - 304 Not Modified (0ms)


Started GET "/assets/scaffolds.css?body=1" for 127.0.0.1 at Wed May 16 11:24:55 +0530 2012
Served asset /scaffolds.css - 304 Not Modified (0ms)


Started GET "/assets/jquery.js?body=1" for 127.0.0.1 at Wed May 16 11:24:55 +0530 2012
Served asset /jquery.js - 304 Not Modified (0ms)


Started GET "/assets/jquery_ujs.js?body=1" for 127.0.0.1 at Wed May 16 11:24:55 +0530 2012
Served asset /jquery_ujs.js - 304 Not Modified (0ms)


Started GET "/assets/courses.js?body=1" for 127.0.0.1 at Wed May 16 11:24:55 +0530 2012
Served asset /courses.js - 304 Not Modified (44ms)


Started GET "/assets/application.js?body=1" for 127.0.0.1 at Wed May 16 11:24:55 +0530 2012
Served asset /application.js - 304 Not Modified (0ms)


Started GET "/courses" for 127.0.0.1 at Wed May 16 11:34:35 +0530 2012
Processing by CoursesController#index as HTML
  [1m[35mCourse Load (0.2ms)[0m  SELECT "courses".* FROM "courses" 
  Rendered courses/index.html.erb within layouts/application (1.4ms)
Completed 200 OK in 7ms (Views: 5.8ms | ActiveRecord: 0.2ms)


Started GET "/assets/application.css?body=1" for 127.0.0.1 at Wed May 16 11:34:35 +0530 2012
Served asset /application.css - 304 Not Modified (0ms)


Started GET "/assets/courses.css?body=1" for 127.0.0.1 at Wed May 16 11:34:35 +0530 2012
Served asset /courses.css - 304 Not Modified (0ms)


Started GET "/assets/scaffolds.css?body=1" for 127.0.0.1 at Wed May 16 11:34:35 +0530 2012
Served asset /scaffolds.css - 304 Not Modified (0ms)


Started GET "/assets/jquery.js?body=1" for 127.0.0.1 at Wed May 16 11:34:35 +0530 2012
Served asset /jquery.js - 304 Not Modified (0ms)


Started GET "/assets/jquery_ujs.js?body=1" for 127.0.0.1 at Wed May 16 11:34:35 +0530 2012
Served asset /jquery_ujs.js - 304 Not Modified (0ms)


Started GET "/assets/courses.js?body=1" for 127.0.0.1 at Wed May 16 11:34:35 +0530 2012
Served asset /courses.js - 304 Not Modified (0ms)


Started GET "/assets/application.js?body=1" for 127.0.0.1 at Wed May 16 11:34:35 +0530 2012
Served asset /application.js - 304 Not Modified (0ms)


Started GET "/courses/new" for 127.0.0.1 at Wed May 16 11:39:47 +0530 2012
Processing by CoursesController#new as HTML
  Rendered courses/_form.html.erb (15.3ms)
  Rendered courses/new.html.erb within layouts/application (16.3ms)
Completed 200 OK in 21ms (Views: 20.9ms | ActiveRecord: 0.0ms)


Started GET "/assets/application.css?body=1" for 127.0.0.1 at Wed May 16 11:39:47 +0530 2012
Served asset /application.css - 304 Not Modified (0ms)


Started GET "/assets/courses.css?body=1" for 127.0.0.1 at Wed May 16 11:39:47 +0530 2012
Served asset /courses.css - 304 Not Modified (0ms)


Started GET "/assets/scaffolds.css?body=1" for 127.0.0.1 at Wed May 16 11:39:47 +0530 2012
Served asset /scaffolds.css - 304 Not Modified (0ms)


Started GET "/assets/jquery.js?body=1" for 127.0.0.1 at Wed May 16 11:39:47 +0530 2012
Served asset /jquery.js - 304 Not Modified (0ms)


Started GET "/assets/jquery_ujs.js?body=1" for 127.0.0.1 at Wed May 16 11:39:47 +0530 2012
Served asset /jquery_ujs.js - 304 Not Modified (0ms)


Started GET "/assets/courses.js?body=1" for 127.0.0.1 at Wed May 16 11:39:47 +0530 2012
Served asset /courses.js - 304 Not Modified (0ms)


Started GET "/assets/application.js?body=1" for 127.0.0.1 at Wed May 16 11:39:47 +0530 2012
Served asset /application.js - 304 Not Modified (0ms)


Started GET "/courses" for 127.0.0.1 at Wed May 16 11:40:43 +0530 2012
Processing by CoursesController#index as HTML
  [1m[36mCourse Load (0.1ms)[0m  [1mSELECT "courses".* FROM "courses" [0m
  Rendered courses/index.html.erb within layouts/application (1.3ms)
Completed 200 OK in 6ms (Views: 5.3ms | ActiveRecord: 0.1ms)


Started GET "/assets/application.css?body=1" for 127.0.0.1 at Wed May 16 11:40:43 +0530 2012
Served asset /application.css - 304 Not Modified (0ms)


Started GET "/assets/courses.css?body=1" for 127.0.0.1 at Wed May 16 11:40:43 +0530 2012
Served asset /courses.css - 304 Not Modified (0ms)


Started GET "/assets/scaffolds.css?body=1" for 127.0.0.1 at Wed May 16 11:40:43 +0530 2012
Served asset /scaffolds.css - 304 Not Modified (0ms)


Started GET "/assets/jquery.js?body=1" for 127.0.0.1 at Wed May 16 11:40:43 +0530 2012
Served asset /jquery.js - 304 Not Modified (0ms)


Started GET "/assets/jquery_ujs.js?body=1" for 127.0.0.1 at Wed May 16 11:40:43 +0530 2012
Served asset /jquery_ujs.js - 304 Not Modified (0ms)


Started GET "/assets/courses.js?body=1" for 127.0.0.1 at Wed May 16 11:40:43 +0530 2012
Served asset /courses.js - 304 Not Modified (0ms)


Started GET "/assets/application.js?body=1" for 127.0.0.1 at Wed May 16 11:40:43 +0530 2012
Served asset /application.js - 304 Not Modified (0ms)


Started GET "/courses/new" for 127.0.0.1 at Wed May 16 11:40:45 +0530 2012
Processing by CoursesController#new as HTML
  Rendered courses/_form.html.erb (12.2ms)
  Rendered courses/new.html.erb within layouts/application (56.6ms)
Completed 200 OK in 61ms (Views: 60.6ms | ActiveRecord: 0.0ms)


Started GET "/assets/application.css?body=1" for 127.0.0.1 at Wed May 16 11:40:46 +0530 2012
Served asset /application.css - 304 Not Modified (0ms)


Started GET "/assets/courses.css?body=1" for 127.0.0.1 at Wed May 16 11:40:46 +0530 2012
Served asset /courses.css - 304 Not Modified (0ms)


Started GET "/assets/scaffolds.css?body=1" for 127.0.0.1 at Wed May 16 11:40:46 +0530 2012
Served asset /scaffolds.css - 304 Not Modified (0ms)


Started GET "/assets/jquery.js?body=1" for 127.0.0.1 at Wed May 16 11:40:46 +0530 2012
Served asset /jquery.js - 304 Not Modified (0ms)


Started GET "/assets/jquery_ujs.js?body=1" for 127.0.0.1 at Wed May 16 11:40:46 +0530 2012
Served asset /jquery_ujs.js - 304 Not Modified (0ms)


Started GET "/assets/courses.js?body=1" for 127.0.0.1 at Wed May 16 11:40:46 +0530 2012
Served asset /courses.js - 304 Not Modified (0ms)


Started GET "/assets/application.js?body=1" for 127.0.0.1 at Wed May 16 11:40:46 +0530 2012
Served asset /application.js - 304 Not Modified (0ms)


Started GET "/courses/new" for 127.0.0.1 at Wed May 16 11:41:17 +0530 2012
Processing by CoursesController#new as HTML
  Rendered courses/_form.html.erb (15.3ms)
  Rendered courses/new.html.erb within layouts/application (16.4ms)
Completed 200 OK in 23ms (Views: 22.2ms | ActiveRecord: 0.0ms)


Started GET "/assets/application.css?body=1" for 127.0.0.1 at Wed May 16 11:41:17 +0530 2012
Served asset /application.css - 304 Not Modified (0ms)


Started GET "/assets/courses.css?body=1" for 127.0.0.1 at Wed May 16 11:41:17 +0530 2012
Served asset /courses.css - 304 Not Modified (0ms)


Started GET "/assets/scaffolds.css?body=1" for 127.0.0.1 at Wed May 16 11:41:17 +0530 2012
Served asset /scaffolds.css - 304 Not Modified (0ms)


Started GET "/assets/jquery.js?body=1" for 127.0.0.1 at Wed May 16 11:41:17 +0530 2012
Served asset /jquery.js - 304 Not Modified (0ms)


Started GET "/assets/jquery_ujs.js?body=1" for 127.0.0.1 at Wed May 16 11:41:17 +0530 2012
Served asset /jquery_ujs.js - 304 Not Modified (0ms)


Started GET "/assets/courses.js?body=1" for 127.0.0.1 at Wed May 16 11:41:17 +0530 2012
Served asset /courses.js - 304 Not Modified (0ms)


Started GET "/assets/application.js?body=1" for 127.0.0.1 at Wed May 16 11:41:18 +0530 2012
Served asset /application.js - 304 Not Modified (0ms)


Started POST "/courses" for 127.0.0.1 at Wed May 16 11:42:10 +0530 2012
Processing by CoursesController#create as HTML
  Parameters: {"commit"=>"Create Course", "course"=>{"starts_at(1i)"=>"2012", "starts_at(2i)"=>"5", "starts_at(3i)"=>"16", "starts_at(4i)"=>"06", "seats"=>"1", "starts_at(5i)"=>"11", "price"=>"0.0", "description"=>"Test Adding a new course", "end_at(1i)"=>"2012", "end_at(2i)"=>"5", "end_at(3i)"=>"16", "end_at(4i)"=>"06", "end_at(5i)"=>"11", "title"=>"New Course"}, "authenticity_token"=>"3aJ7YguFpXVbyjQ+6mZL3uT9tXpHCjmlE3yevxPGm0Y=", "utf8"=>"✓"}
  [1m[35m (0.1ms)[0m  begin transaction
  [1m[36mSQL (0.6ms)[0m  [1mINSERT INTO "courses" ("created_at", "description", "end_at", "price", "seats", "starts_at", "title", "updated_at") VALUES (?, ?, ?, ?, ?, ?, ?, ?)[0m  [["created_at", Wed, 16 May 2012 06:12:10 UTC +00:00], ["description", "Test Adding a new course"], ["end_at", Wed, 16 May 2012 06:11:00 UTC +00:00], ["price", #<BigDecimal:1021ea7f0,'0.0',9(18)>], ["seats", 1], ["starts_at", Wed, 16 May 2012 06:11:00 UTC +00:00], ["title", "New Course"], ["updated_at", Wed, 16 May 2012 06:12:10 UTC +00:00]]
  [1m[35m (1.9ms)[0m  commit transaction
Redirected to http://localhost:3000/courses/2
Completed 302 Found in 7ms (ActiveRecord: 2.6ms)


Started GET "/courses/2" for 127.0.0.1 at Wed May 16 11:42:10 +0530 2012
Processing by CoursesController#show as HTML
  Parameters: {"id"=>"2"}
  [1m[36mCourse Load (0.1ms)[0m  [1mSELECT "courses".* FROM "courses" WHERE "courses"."id" = ? LIMIT 1[0m  [["id", "2"]]
  Rendered courses/show.html.erb within layouts/application (0.8ms)
Completed 200 OK in 6ms (Views: 5.2ms | ActiveRecord: 0.1ms)


Started GET "/assets/application.css?body=1" for 127.0.0.1 at Wed May 16 11:42:10 +0530 2012
Served asset /application.css - 304 Not Modified (0ms)


Started GET "/assets/courses.css?body=1" for 127.0.0.1 at Wed May 16 11:42:10 +0530 2012
Served asset /courses.css - 304 Not Modified (0ms)


Started GET "/assets/scaffolds.css?body=1" for 127.0.0.1 at Wed May 16 11:42:10 +0530 2012
Served asset /scaffolds.css - 304 Not Modified (0ms)


Started GET "/assets/jquery.js?body=1" for 127.0.0.1 at Wed May 16 11:42:10 +0530 2012
Served asset /jquery.js - 304 Not Modified (0ms)


Started GET "/assets/jquery_ujs.js?body=1" for 127.0.0.1 at Wed May 16 11:42:10 +0530 2012
Served asset /jquery_ujs.js - 304 Not Modified (0ms)


Started GET "/assets/courses.js?body=1" for 127.0.0.1 at Wed May 16 11:42:10 +0530 2012
Served asset /courses.js - 304 Not Modified (0ms)


Started GET "/assets/application.js?body=1" for 127.0.0.1 at Wed May 16 11:42:10 +0530 2012
Served asset /application.js - 304 Not Modified (0ms)


Started GET "/courses" for 127.0.0.1 at Wed May 16 11:42:17 +0530 2012
Processing by CoursesController#index as HTML
  [1m[35mCourse Load (0.2ms)[0m  SELECT "courses".* FROM "courses" 
  Rendered courses/index.html.erb within layouts/application (2.1ms)
Completed 200 OK in 7ms (Views: 6.0ms | ActiveRecord: 0.2ms)


Started GET "/assets/application.css?body=1" for 127.0.0.1 at Wed May 16 11:42:17 +0530 2012
Served asset /application.css - 304 Not Modified (0ms)


Started GET "/assets/courses.css?body=1" for 127.0.0.1 at Wed May 16 11:42:17 +0530 2012
Served asset /courses.css - 304 Not Modified (0ms)


Started GET "/assets/scaffolds.css?body=1" for 127.0.0.1 at Wed May 16 11:42:17 +0530 2012
Served asset /scaffolds.css - 304 Not Modified (0ms)


Started GET "/assets/jquery.js?body=1" for 127.0.0.1 at Wed May 16 11:42:17 +0530 2012
Served asset /jquery.js - 304 Not Modified (0ms)


Started GET "/assets/jquery_ujs.js?body=1" for 127.0.0.1 at Wed May 16 11:42:17 +0530 2012
Served asset /jquery_ujs.js - 304 Not Modified (0ms)


Started GET "/assets/courses.js?body=1" for 127.0.0.1 at Wed May 16 11:42:17 +0530 2012
Served asset /courses.js - 304 Not Modified (0ms)


Started GET "/assets/application.js?body=1" for 127.0.0.1 at Wed May 16 11:42:17 +0530 2012
Served asset /application.js - 304 Not Modified (0ms)
  [1m[36m (0.2ms)[0m  [1mSELECT "schema_migrations"."version" FROM "schema_migrations" [0m
  [1m[35m (0.1ms)[0m  select sqlite_version(*)
  [1m[36m (1.5ms)[0m  [1mCREATE TABLE "courses" ("id" INTEGER PRIMARY KEY AUTOINCREMENT NOT NULL, "title" varchar(255), "description" text, "price" decimal, "seats" integer, "starts_at" datetime, "end_at" datetime, "created_at" datetime NOT NULL, "updated_at" datetime NOT NULL) [0m
  [1m[35m (1.2ms)[0m  CREATE TABLE "schema_migrations" ("version" varchar(255) NOT NULL) 
  [1m[36m (0.0ms)[0m  [1mPRAGMA index_list("schema_migrations")[0m
  [1m[35m (1.1ms)[0m  CREATE UNIQUE INDEX "unique_schema_migrations" ON "schema_migrations" ("version")
  [1m[36m (0.1ms)[0m  [1mSELECT version FROM "schema_migrations"[0m
  [1m[35m (1.0ms)[0m  INSERT INTO "schema_migrations" (version) VALUES ('20120516054727')
  [1m[36m (0.1ms)[0m  [1mSELECT "schema_migrations"."version" FROM "schema_migrations" [0m
  [1m[35m (0.1ms)[0m  select sqlite_version(*)
  [1m[36m (2.1ms)[0m  [1mCREATE TABLE "courses" ("id" INTEGER PRIMARY KEY AUTOINCREMENT NOT NULL, "title" varchar(255), "description" text, "price" decimal, "seats" integer, "starts_at" datetime, "end_at" datetime, "created_at" datetime NOT NULL, "updated_at" datetime NOT NULL) [0m
  [1m[35m (1.1ms)[0m  CREATE TABLE "schema_migrations" ("version" varchar(255) NOT NULL) 
  [1m[36m (0.0ms)[0m  [1mPRAGMA index_list("schema_migrations")[0m
  [1m[35m (1.0ms)[0m  CREATE UNIQUE INDEX "unique_schema_migrations" ON "schema_migrations" ("version")
  [1m[36m (0.1ms)[0m  [1mSELECT version FROM "schema_migrations"[0m
  [1m[35m (1.0ms)[0m  INSERT INTO "schema_migrations" (version) VALUES ('20120516054727')
  [1m[36m (0.1ms)[0m  [1mSELECT "schema_migrations"."version" FROM "schema_migrations" [0m
  [1m[35m (0.1ms)[0m  select sqlite_version(*)
  [1m[36m (1.5ms)[0m  [1mCREATE TABLE "courses" ("id" INTEGER PRIMARY KEY AUTOINCREMENT NOT NULL, "title" varchar(255), "description" text, "price" decimal, "seats" integer, "starts_at" datetime, "end_at" datetime, "created_at" datetime NOT NULL, "updated_at" datetime NOT NULL) [0m
  [1m[35m (1.1ms)[0m  CREATE TABLE "schema_migrations" ("version" varchar(255) NOT NULL) 
  [1m[36m (0.0ms)[0m  [1mPRAGMA index_list("schema_migrations")[0m
  [1m[35m (1.0ms)[0m  CREATE UNIQUE INDEX "unique_schema_migrations" ON "schema_migrations" ("version")
  [1m[36m (0.1ms)[0m  [1mSELECT version FROM "schema_migrations"[0m
  [1m[35m (1.0ms)[0m  INSERT INTO "schema_migrations" (version) VALUES ('20120516054727')
  [1m[36m (0.1ms)[0m  [1mSELECT "schema_migrations"."version" FROM "schema_migrations" [0m
  [1m[35m (0.1ms)[0m  select sqlite_version(*)
  [1m[36m (2.3ms)[0m  [1mCREATE TABLE "courses" ("id" INTEGER PRIMARY KEY AUTOINCREMENT NOT NULL, "title" varchar(255), "description" text, "price" decimal, "seats" integer, "starts_at" datetime, "end_at" datetime, "created_at" datetime NOT NULL, "updated_at" datetime NOT NULL) [0m
  [1m[35m (1.2ms)[0m  CREATE TABLE "schema_migrations" ("version" varchar(255) NOT NULL) 
  [1m[36m (0.0ms)[0m  [1mPRAGMA index_list("schema_migrations")[0m
  [1m[35m (1.2ms)[0m  CREATE UNIQUE INDEX "unique_schema_migrations" ON "schema_migrations" ("version")
  [1m[36m (0.1ms)[0m  [1mSELECT version FROM "schema_migrations"[0m
  [1m[35m (1.1ms)[0m  INSERT INTO "schema_migrations" (version) VALUES ('20120516054727')
  [1m[36m (0.1ms)[0m  [1mSELECT "schema_migrations"."version" FROM "schema_migrations" [0m
  [1m[35m (0.1ms)[0m  select sqlite_version(*)
  [1m[36m (2.2ms)[0m  [1mCREATE TABLE "courses" ("id" INTEGER PRIMARY KEY AUTOINCREMENT NOT NULL, "title" varchar(255), "description" text, "price" decimal, "seats" integer, "starts_at" datetime, "end_at" datetime, "created_at" datetime NOT NULL, "updated_at" datetime NOT NULL) [0m
  [1m[35m (1.2ms)[0m  CREATE TABLE "schema_migrations" ("version" varchar(255) NOT NULL) 
  [1m[36m (0.0ms)[0m  [1mPRAGMA index_list("schema_migrations")[0m
  [1m[35m (0.9ms)[0m  CREATE UNIQUE INDEX "unique_schema_migrations" ON "schema_migrations" ("version")
  [1m[36m (0.1ms)[0m  [1mSELECT version FROM "schema_migrations"[0m
  [1m[35m (1.2ms)[0m  INSERT INTO "schema_migrations" (version) VALUES ('20120516054727')


Started GET "/courses" for 127.0.0.1 at Wed May 16 14:57:58 +0530 2012
Processing by CoursesController#index as HTML
  [1m[36mCourse Load (0.1ms)[0m  [1mSELECT "courses".* FROM "courses" [0m
  Rendered courses/index.html.erb within layouts/application (35.5ms)
Completed 200 OK in 196ms (Views: 146.3ms | ActiveRecord: 1.2ms)


Started GET "/assets/application.css?body=1" for 127.0.0.1 at Wed May 16 14:57:58 +0530 2012
Served asset /application.css - 304 Not Modified (6ms)


Started GET "/assets/courses.css?body=1" for 127.0.0.1 at Wed May 16 14:57:59 +0530 2012
Served asset /courses.css - 304 Not Modified (3ms)


Started GET "/assets/scaffolds.css?body=1" for 127.0.0.1 at Wed May 16 14:57:59 +0530 2012
Served asset /scaffolds.css - 304 Not Modified (2ms)


Started GET "/assets/jquery.js?body=1" for 127.0.0.1 at Wed May 16 14:57:59 +0530 2012
Served asset /jquery.js - 304 Not Modified (3ms)


Started GET "/assets/jquery_ujs.js?body=1" for 127.0.0.1 at Wed May 16 14:57:59 +0530 2012
Served asset /jquery_ujs.js - 304 Not Modified (4ms)


Started GET "/assets/courses.js?body=1" for 127.0.0.1 at Wed May 16 14:57:59 +0530 2012
Served asset /courses.js - 304 Not Modified (2ms)


Started GET "/assets/application.js?body=1" for 127.0.0.1 at Wed May 16 14:57:59 +0530 2012
Served asset /application.js - 304 Not Modified (10ms)


Started GET "/courses/new" for 127.0.0.1 at Wed May 16 14:58:05 +0530 2012
Processing by CoursesController#new as HTML
  Rendered courses/_form.html.erb (66.7ms)
  Rendered courses/new.html.erb within layouts/application (83.0ms)
Completed 200 OK in 166ms (Views: 128.0ms | ActiveRecord: 0.0ms)


Started GET "/assets/courses.css?body=1" for 127.0.0.1 at Wed May 16 14:58:05 +0530 2012
Served asset /courses.css - 304 Not Modified (0ms)


Started GET "/assets/application.css?body=1" for 127.0.0.1 at Wed May 16 14:58:05 +0530 2012
Served asset /application.css - 304 Not Modified (0ms)


Started GET "/assets/courses.js?body=1" for 127.0.0.1 at Wed May 16 14:58:05 +0530 2012
Served asset /courses.js - 304 Not Modified (0ms)


Started GET "/assets/jquery_ujs.js?body=1" for 127.0.0.1 at Wed May 16 14:58:05 +0530 2012
Served asset /jquery_ujs.js - 304 Not Modified (0ms)


Started GET "/assets/jquery.js?body=1" for 127.0.0.1 at Wed May 16 14:58:05 +0530 2012
Served asset /jquery.js - 304 Not Modified (0ms)


Started GET "/assets/scaffolds.css?body=1" for 127.0.0.1 at Wed May 16 14:58:05 +0530 2012
Served asset /scaffolds.css - 304 Not Modified (0ms)


Started GET "/assets/application.js?body=1" for 127.0.0.1 at Wed May 16 14:58:05 +0530 2012
Served asset /application.js - 304 Not Modified (0ms)


Started POST "/courses" for 127.0.0.1 at Wed May 16 14:58:33 +0530 2012
Processing by CoursesController#create as HTML
  Parameters: {"commit"=>"Create Course", "course"=>{"title"=>"", "seats"=>"", "starts_at(1i)"=>"2012", "starts_at(2i)"=>"5", "starts_at(3i)"=>"16", "starts_at(4i)"=>"09", "starts_at(5i)"=>"28", "end_at(1i)"=>"2012", "end_at(2i)"=>"5", "end_at(3i)"=>"16", "end_at(4i)"=>"09", "end_at(5i)"=>"28", "description"=>"Test Empty Title", "price"=>""}, "authenticity_token"=>"z0puE7yZqLHA38ZyBZqnBxMfZaxBCPRXIvwb5NVVisY=", "utf8"=>"✓"}
  [1m[35m (0.1ms)[0m  begin transaction
  [1m[36mSQL (3.0ms)[0m  [1mINSERT INTO "courses" ("created_at", "description", "end_at", "price", "seats", "starts_at", "title", "updated_at") VALUES (?, ?, ?, ?, ?, ?, ?, ?)[0m  [["created_at", Wed, 16 May 2012 09:28:33 UTC +00:00], ["description", "Test Empty Title"], ["end_at", Wed, 16 May 2012 09:28:00 UTC +00:00], ["price", nil], ["seats", nil], ["starts_at", Wed, 16 May 2012 09:28:00 UTC +00:00], ["title", ""], ["updated_at", Wed, 16 May 2012 09:28:33 UTC +00:00]]
  [1m[35m (1.3ms)[0m  commit transaction
Redirected to http://localhost:3000/courses/3
Completed 302 Found in 10ms (ActiveRecord: 4.4ms)


Started GET "/courses/3" for 127.0.0.1 at Wed May 16 14:58:33 +0530 2012
Processing by CoursesController#show as HTML
  Parameters: {"id"=>"3"}
  [1m[36mCourse Load (0.2ms)[0m  [1mSELECT "courses".* FROM "courses" WHERE "courses"."id" = ? LIMIT 1[0m  [["id", "3"]]
  Rendered courses/show.html.erb within layouts/application (1.2ms)
Completed 200 OK in 28ms (Views: 25.3ms | ActiveRecord: 0.2ms)


Started GET "/assets/courses.css?body=1" for 127.0.0.1 at Wed May 16 14:58:33 +0530 2012
Served asset /courses.css - 304 Not Modified (0ms)


Started GET "/assets/scaffolds.css?body=1" for 127.0.0.1 at Wed May 16 14:58:33 +0530 2012
Served asset /scaffolds.css - 304 Not Modified (0ms)


Started GET "/assets/jquery_ujs.js?body=1" for 127.0.0.1 at Wed May 16 14:58:33 +0530 2012
Served asset /jquery_ujs.js - 304 Not Modified (0ms)


Started GET "/assets/application.css?body=1" for 127.0.0.1 at Wed May 16 14:58:34 +0530 2012
Served asset /application.css - 304 Not Modified (0ms)


Started GET "/assets/jquery.js?body=1" for 127.0.0.1 at Wed May 16 14:58:34 +0530 2012
Served asset /jquery.js - 304 Not Modified (0ms)


Started GET "/assets/courses.js?body=1" for 127.0.0.1 at Wed May 16 14:58:34 +0530 2012
Served asset /courses.js - 304 Not Modified (0ms)


Started GET "/assets/application.js?body=1" for 127.0.0.1 at Wed May 16 14:58:34 +0530 2012
Served asset /application.js - 304 Not Modified (0ms)


Started GET "/courses" for 127.0.0.1 at Wed May 16 14:58:45 +0530 2012
Processing by CoursesController#index as HTML
  [1m[35mCourse Load (0.1ms)[0m  SELECT "courses".* FROM "courses" 
  Rendered courses/index.html.erb within layouts/application (2.8ms)
Completed 200 OK in 8ms (Views: 7.3ms | ActiveRecord: 0.1ms)


Started GET "/assets/courses.css?body=1" for 127.0.0.1 at Wed May 16 14:58:45 +0530 2012
Served asset /courses.css - 304 Not Modified (0ms)


Started GET "/assets/scaffolds.css?body=1" for 127.0.0.1 at Wed May 16 14:58:45 +0530 2012
Served asset /scaffolds.css - 304 Not Modified (0ms)


Started GET "/assets/jquery.js?body=1" for 127.0.0.1 at Wed May 16 14:58:45 +0530 2012
Served asset /jquery.js - 304 Not Modified (0ms)


Started GET "/assets/jquery_ujs.js?body=1" for 127.0.0.1 at Wed May 16 14:58:45 +0530 2012
Served asset /jquery_ujs.js - 304 Not Modified (0ms)


Started GET "/assets/application.css?body=1" for 127.0.0.1 at Wed May 16 14:58:45 +0530 2012
Served asset /application.css - 304 Not Modified (0ms)


Started GET "/assets/courses.js?body=1" for 127.0.0.1 at Wed May 16 14:58:45 +0530 2012
Served asset /courses.js - 304 Not Modified (0ms)


Started GET "/assets/application.js?body=1" for 127.0.0.1 at Wed May 16 14:58:45 +0530 2012
Served asset /application.js - 304 Not Modified (0ms)


Started DELETE "/courses/3" for 127.0.0.1 at Wed May 16 15:58:23 +0530 2012
Processing by CoursesController#destroy as HTML
  Parameters: {"authenticity_token"=>"z0puE7yZqLHA38ZyBZqnBxMfZaxBCPRXIvwb5NVVisY=", "id"=>"3"}
  [1m[36mCourse Load (0.1ms)[0m  [1mSELECT "courses".* FROM "courses" WHERE "courses"."id" = ? LIMIT 1[0m  [["id", "3"]]
  [1m[35m (0.1ms)[0m  begin transaction
  [1m[36mSQL (0.3ms)[0m  [1mDELETE FROM "courses" WHERE "courses"."id" = ?[0m  [["id", 3]]
  [1m[35m (1.3ms)[0m  commit transaction
Redirected to http://localhost:3000/courses
Completed 302 Found in 5ms (ActiveRecord: 1.7ms)


Started GET "/courses" for 127.0.0.1 at Wed May 16 15:58:23 +0530 2012
Processing by CoursesController#index as HTML
  [1m[36mCourse Load (0.2ms)[0m  [1mSELECT "courses".* FROM "courses" [0m
  Rendered courses/index.html.erb within layouts/application (2.1ms)
Completed 200 OK in 7ms (Views: 6.1ms | ActiveRecord: 0.2ms)


Started GET "/assets/application.css?body=1" for 127.0.0.1 at Wed May 16 15:58:23 +0530 2012
Served asset /application.css - 304 Not Modified (0ms)


Started GET "/assets/courses.css?body=1" for 127.0.0.1 at Wed May 16 15:58:23 +0530 2012
Served asset /courses.css - 304 Not Modified (0ms)


Started GET "/assets/scaffolds.css?body=1" for 127.0.0.1 at Wed May 16 15:58:23 +0530 2012
Served asset /scaffolds.css - 304 Not Modified (0ms)


Started GET "/assets/jquery.js?body=1" for 127.0.0.1 at Wed May 16 15:58:23 +0530 2012
Served asset /jquery.js - 304 Not Modified (0ms)


Started GET "/assets/jquery_ujs.js?body=1" for 127.0.0.1 at Wed May 16 15:58:23 +0530 2012
Served asset /jquery_ujs.js - 304 Not Modified (0ms)


Started GET "/assets/courses.js?body=1" for 127.0.0.1 at Wed May 16 15:58:23 +0530 2012
Served asset /courses.js - 304 Not Modified (0ms)


Started GET "/assets/application.js?body=1" for 127.0.0.1 at Wed May 16 15:58:23 +0530 2012
Served asset /application.js - 304 Not Modified (0ms)


Started GET "/courses/new" for 127.0.0.1 at Wed May 16 16:02:40 +0530 2012

SyntaxError (/Users/mahinthjoe/github/Code/ruby/dummy_app/app/models/course.rb:2: syntax error, unexpected ':', expecting kEND
validates :title :presence => true  
                  ^):
  app/controllers/courses_controller.rb:1


  Rendered /opt/local/lib/ruby/gems/1.8/gems/actionpack-3.2.3/lib/action_dispatch/middleware/templates/rescues/_trace.erb (1.4ms)
  Rendered /opt/local/lib/ruby/gems/1.8/gems/actionpack-3.2.3/lib/action_dispatch/middleware/templates/rescues/_request_and_response.erb (0.7ms)
  Rendered /opt/local/lib/ruby/gems/1.8/gems/actionpack-3.2.3/lib/action_dispatch/middleware/templates/rescues/diagnostics.erb within rescues/layout (15.4ms)


Started GET "/courses/new" for 127.0.0.1 at Wed May 16 16:03:16 +0530 2012
Processing by CoursesController#new as HTML
  Rendered courses/_form.html.erb (54.1ms)
  Rendered courses/new.html.erb within layouts/application (55.3ms)
Completed 200 OK in 67ms (Views: 60.2ms | ActiveRecord: 0.4ms)


Started GET "/assets/application.css?body=1" for 127.0.0.1 at Wed May 16 16:03:16 +0530 2012
Served asset /application.css - 304 Not Modified (0ms)


Started GET "/assets/courses.css?body=1" for 127.0.0.1 at Wed May 16 16:03:16 +0530 2012
Served asset /courses.css - 304 Not Modified (0ms)


Started GET "/assets/scaffolds.css?body=1" for 127.0.0.1 at Wed May 16 16:03:16 +0530 2012
Served asset /scaffolds.css - 304 Not Modified (0ms)


Started GET "/assets/jquery.js?body=1" for 127.0.0.1 at Wed May 16 16:03:16 +0530 2012
Served asset /jquery.js - 304 Not Modified (0ms)


Started GET "/assets/jquery_ujs.js?body=1" for 127.0.0.1 at Wed May 16 16:03:16 +0530 2012
Served asset /jquery_ujs.js - 304 Not Modified (0ms)


Started GET "/assets/courses.js?body=1" for 127.0.0.1 at Wed May 16 16:03:16 +0530 2012
Served asset /courses.js - 304 Not Modified (0ms)


Started GET "/assets/application.js?body=1" for 127.0.0.1 at Wed May 16 16:03:16 +0530 2012
Served asset /application.js - 304 Not Modified (0ms)


Started POST "/courses" for 127.0.0.1 at Wed May 16 16:03:55 +0530 2012
Processing by CoursesController#create as HTML
  Parameters: {"commit"=>"Create Course", "course"=>{"title"=>"", "seats"=>"1", "starts_at(1i)"=>"2012", "starts_at(2i)"=>"5", "starts_at(3i)"=>"16", "starts_at(4i)"=>"10", "starts_at(5i)"=>"33", "end_at(1i)"=>"2012", "end_at(2i)"=>"5", "end_at(3i)"=>"16", "end_at(4i)"=>"10", "end_at(5i)"=>"33", "description"=>"Checking Validates statement in app/models", "price"=>"0.0"}, "authenticity_token"=>"z0puE7yZqLHA38ZyBZqnBxMfZaxBCPRXIvwb5NVVisY=", "utf8"=>"✓"}
  [1m[35m (0.1ms)[0m  begin transaction
  [1m[36m (0.1ms)[0m  [1mrollback transaction[0m
  Rendered courses/_form.html.erb (12.3ms)
  Rendered courses/new.html.erb within layouts/application (13.2ms)
Completed 200 OK in 23ms (Views: 18.3ms | ActiveRecord: 0.2ms)


Started GET "/assets/application.css?body=1" for 127.0.0.1 at Wed May 16 16:03:55 +0530 2012
Served asset /application.css - 304 Not Modified (0ms)


Started GET "/assets/courses.css?body=1" for 127.0.0.1 at Wed May 16 16:03:55 +0530 2012
Served asset /courses.css - 304 Not Modified (0ms)


Started GET "/assets/scaffolds.css?body=1" for 127.0.0.1 at Wed May 16 16:03:55 +0530 2012
Served asset /scaffolds.css - 304 Not Modified (0ms)


Started GET "/assets/jquery.js?body=1" for 127.0.0.1 at Wed May 16 16:03:55 +0530 2012
Served asset /jquery.js - 304 Not Modified (0ms)


Started GET "/assets/jquery_ujs.js?body=1" for 127.0.0.1 at Wed May 16 16:03:55 +0530 2012
Served asset /jquery_ujs.js - 304 Not Modified (0ms)


Started GET "/assets/courses.js?body=1" for 127.0.0.1 at Wed May 16 16:03:55 +0530 2012
Served asset /courses.js - 304 Not Modified (0ms)


Started GET "/assets/application.js?body=1" for 127.0.0.1 at Wed May 16 16:03:55 +0530 2012
Served asset /application.js - 304 Not Modified (0ms)


Started POST "/courses" for 127.0.0.1 at Wed May 16 16:05:56 +0530 2012
Processing by CoursesController#create as HTML
  Parameters: {"commit"=>"Create Course", "course"=>{"title"=>"Missing Title", "seats"=>"1", "starts_at(1i)"=>"2012", "starts_at(2i)"=>"5", "starts_at(3i)"=>"16", "starts_at(4i)"=>"10", "starts_at(5i)"=>"33", "end_at(1i)"=>"2012", "end_at(2i)"=>"5", "end_at(3i)"=>"16", "end_at(4i)"=>"10", "end_at(5i)"=>"33", "description"=>"Error is raised & displayed if Title is blank and the following code is added in app/models course.rb \r\nvalidates :title, :presence => true", "price"=>"0.0"}, "authenticity_token"=>"z0puE7yZqLHA38ZyBZqnBxMfZaxBCPRXIvwb5NVVisY=", "utf8"=>"✓"}
  [1m[35m (0.1ms)[0m  begin transaction
  [1m[36mSQL (0.7ms)[0m  [1mINSERT INTO "courses" ("created_at", "description", "end_at", "price", "seats", "starts_at", "title", "updated_at") VALUES (?, ?, ?, ?, ?, ?, ?, ?)[0m  [["created_at", Wed, 16 May 2012 10:35:56 UTC +00:00], ["description", "Error is raised & displayed if Title is blank and the following code is added in app/models course.rb \r\nvalidates :title, :presence => true"], ["end_at", Wed, 16 May 2012 10:33:00 UTC +00:00], ["price", #<BigDecimal:106466a98,'0.0',9(18)>], ["seats", 1], ["starts_at", Wed, 16 May 2012 10:33:00 UTC +00:00], ["title", "Missing Title"], ["updated_at", Wed, 16 May 2012 10:35:56 UTC +00:00]]
  [1m[35m (0.9ms)[0m  commit transaction
Redirected to http://localhost:3000/courses/4
Completed 302 Found in 7ms (ActiveRecord: 1.6ms)


Started GET "/courses/4" for 127.0.0.1 at Wed May 16 16:05:56 +0530 2012
Processing by CoursesController#show as HTML
  Parameters: {"id"=>"4"}
  [1m[36mCourse Load (0.2ms)[0m  [1mSELECT "courses".* FROM "courses" WHERE "courses"."id" = ? LIMIT 1[0m  [["id", "4"]]
  Rendered courses/show.html.erb within layouts/application (0.8ms)
Completed 200 OK in 7ms (Views: 4.9ms | ActiveRecord: 0.2ms)


Started GET "/assets/application.css?body=1" for 127.0.0.1 at Wed May 16 16:05:57 +0530 2012
Served asset /application.css - 304 Not Modified (0ms)


Started GET "/assets/courses.css?body=1" for 127.0.0.1 at Wed May 16 16:05:57 +0530 2012
Served asset /courses.css - 304 Not Modified (0ms)


Started GET "/assets/scaffolds.css?body=1" for 127.0.0.1 at Wed May 16 16:05:57 +0530 2012
Served asset /scaffolds.css - 304 Not Modified (0ms)


Started GET "/assets/jquery.js?body=1" for 127.0.0.1 at Wed May 16 16:05:57 +0530 2012
Served asset /jquery.js - 304 Not Modified (0ms)


Started GET "/assets/jquery_ujs.js?body=1" for 127.0.0.1 at Wed May 16 16:05:57 +0530 2012
Served asset /jquery_ujs.js - 304 Not Modified (0ms)


Started GET "/assets/courses.js?body=1" for 127.0.0.1 at Wed May 16 16:05:57 +0530 2012
Served asset /courses.js - 304 Not Modified (0ms)


Started GET "/assets/application.js?body=1" for 127.0.0.1 at Wed May 16 16:05:57 +0530 2012
Served asset /application.js - 304 Not Modified (0ms)


Started GET "/courses" for 127.0.0.1 at Wed May 16 16:06:05 +0530 2012
Processing by CoursesController#index as HTML
  [1m[35mCourse Load (0.1ms)[0m  SELECT "courses".* FROM "courses" 
  Rendered courses/index.html.erb within layouts/application (2.9ms)
Completed 200 OK in 8ms (Views: 6.6ms | ActiveRecord: 0.1ms)


Started GET "/assets/courses.css?body=1" for 127.0.0.1 at Wed May 16 16:06:05 +0530 2012
Served asset /courses.css - 304 Not Modified (0ms)


Started GET "/assets/application.css?body=1" for 127.0.0.1 at Wed May 16 16:06:05 +0530 2012
Served asset /application.css - 304 Not Modified (0ms)


Started GET "/assets/jquery.js?body=1" for 127.0.0.1 at Wed May 16 16:06:05 +0530 2012
Served asset /jquery.js - 304 Not Modified (0ms)


Started GET "/assets/scaffolds.css?body=1" for 127.0.0.1 at Wed May 16 16:06:05 +0530 2012
Served asset /scaffolds.css - 304 Not Modified (0ms)


Started GET "/assets/courses.js?body=1" for 127.0.0.1 at Wed May 16 16:06:05 +0530 2012
Served asset /courses.js - 304 Not Modified (0ms)


Started GET "/assets/jquery_ujs.js?body=1" for 127.0.0.1 at Wed May 16 16:06:05 +0530 2012
Served asset /jquery_ujs.js - 304 Not Modified (0ms)


Started GET "/assets/application.js?body=1" for 127.0.0.1 at Wed May 16 16:06:05 +0530 2012
Served asset /application.js - 304 Not Modified (0ms)


Started GET "/courses" for 127.0.0.1 at Wed May 16 16:11:03 +0530 2012
Processing by CoursesController#index as HTML
  [1m[36mCourse Load (0.2ms)[0m  [1mSELECT "courses".* FROM "courses" [0m
  Rendered courses/index.html.erb within layouts/application (3.7ms)
Completed 200 OK in 21ms (Views: 8.7ms | ActiveRecord: 0.8ms)


Started GET "/assets/application.css?body=1" for 127.0.0.1 at Wed May 16 16:11:03 +0530 2012
Served asset /application.css - 304 Not Modified (0ms)


Started GET "/assets/courses.css?body=1" for 127.0.0.1 at Wed May 16 16:11:03 +0530 2012
Served asset /courses.css - 304 Not Modified (0ms)


Started GET "/assets/scaffolds.css?body=1" for 127.0.0.1 at Wed May 16 16:11:03 +0530 2012
Served asset /scaffolds.css - 304 Not Modified (0ms)


Started GET "/assets/jquery.js?body=1" for 127.0.0.1 at Wed May 16 16:11:03 +0530 2012
Served asset /jquery.js - 304 Not Modified (0ms)


Started GET "/assets/jquery_ujs.js?body=1" for 127.0.0.1 at Wed May 16 16:11:03 +0530 2012
Served asset /jquery_ujs.js - 304 Not Modified (0ms)


Started GET "/assets/courses.js?body=1" for 127.0.0.1 at Wed May 16 16:11:03 +0530 2012
Served asset /courses.js - 304 Not Modified (0ms)


Started GET "/assets/application.js?body=1" for 127.0.0.1 at Wed May 16 16:11:03 +0530 2012
Served asset /application.js - 304 Not Modified (0ms)


Started GET "/courses/new" for 127.0.0.1 at Wed May 16 16:11:05 +0530 2012
Processing by CoursesController#new as HTML
  Rendered courses/_form.html.erb (12.7ms)
  Rendered courses/new.html.erb within layouts/application (13.8ms)
Completed 200 OK in 61ms (Views: 60.4ms | ActiveRecord: 0.0ms)


Started GET "/assets/courses.css?body=1" for 127.0.0.1 at Wed May 16 16:11:05 +0530 2012
Served asset /courses.css - 304 Not Modified (0ms)


Started GET "/assets/application.css?body=1" for 127.0.0.1 at Wed May 16 16:11:05 +0530 2012
Served asset /application.css - 304 Not Modified (0ms)


Started GET "/assets/courses.js?body=1" for 127.0.0.1 at Wed May 16 16:11:05 +0530 2012
Served asset /courses.js - 304 Not Modified (0ms)


Started GET "/assets/jquery_ujs.js?body=1" for 127.0.0.1 at Wed May 16 16:11:05 +0530 2012
Served asset /jquery_ujs.js - 304 Not Modified (0ms)


Started GET "/assets/jquery.js?body=1" for 127.0.0.1 at Wed May 16 16:11:05 +0530 2012
Served asset /jquery.js - 304 Not Modified (0ms)


Started GET "/assets/scaffolds.css?body=1" for 127.0.0.1 at Wed May 16 16:11:05 +0530 2012
Served asset /scaffolds.css - 304 Not Modified (0ms)


Started GET "/assets/application.js?body=1" for 127.0.0.1 at Wed May 16 16:11:05 +0530 2012
Served asset /application.js - 304 Not Modified (0ms)


Started POST "/courses" for 127.0.0.1 at Wed May 16 16:12:46 +0530 2012
Processing by CoursesController#create as HTML
  Parameters: {"commit"=>"Create Course", "course"=>{"title"=>"Ruby on Rails 3.2.3", "seats"=>"1", "starts_at(1i)"=>"2012", "starts_at(2i)"=>"5", "starts_at(3i)"=>"16", "starts_at(4i)"=>"10", "starts_at(5i)"=>"41", "end_at(1i)"=>"2012", "end_at(2i)"=>"5", "end_at(3i)"=>"16", "end_at(4i)"=>"10", "end_at(5i)"=>"41", "description"=>"Starting Ruby on Rails 3.2.3 Validations Checking", "price"=>"-1"}, "authenticity_token"=>"z0puE7yZqLHA38ZyBZqnBxMfZaxBCPRXIvwb5NVVisY=", "utf8"=>"✓"}
  [1m[35m (0.1ms)[0m  begin transaction
  [1m[36mCourse Exists (0.2ms)[0m  [1mSELECT 1 FROM "courses" WHERE "courses"."title" = 'Ruby on Rails 3.2.3' LIMIT 1[0m
  [1m[35m (0.1ms)[0m  rollback transaction
  Rendered courses/_form.html.erb (12.7ms)
  Rendered courses/new.html.erb within layouts/application (13.9ms)
Completed 200 OK in 111ms (Views: 18.3ms | ActiveRecord: 0.3ms)


Started GET "/assets/application.css?body=1" for 127.0.0.1 at Wed May 16 16:12:46 +0530 2012
Served asset /application.css - 304 Not Modified (0ms)


Started GET "/assets/courses.css?body=1" for 127.0.0.1 at Wed May 16 16:12:46 +0530 2012
Served asset /courses.css - 304 Not Modified (0ms)


Started GET "/assets/scaffolds.css?body=1" for 127.0.0.1 at Wed May 16 16:12:46 +0530 2012
Served asset /scaffolds.css - 304 Not Modified (0ms)


Started GET "/assets/jquery.js?body=1" for 127.0.0.1 at Wed May 16 16:12:46 +0530 2012
Served asset /jquery.js - 304 Not Modified (0ms)


Started GET "/assets/jquery_ujs.js?body=1" for 127.0.0.1 at Wed May 16 16:12:46 +0530 2012
Served asset /jquery_ujs.js - 304 Not Modified (0ms)


Started GET "/assets/courses.js?body=1" for 127.0.0.1 at Wed May 16 16:12:46 +0530 2012
Served asset /courses.js - 304 Not Modified (0ms)


Started GET "/assets/application.js?body=1" for 127.0.0.1 at Wed May 16 16:12:46 +0530 2012
Served asset /application.js - 304 Not Modified (0ms)


Started POST "/courses" for 127.0.0.1 at Wed May 16 16:13:21 +0530 2012
Processing by CoursesController#create as HTML
  Parameters: {"commit"=>"Create Course", "course"=>{"title"=>"Ruby on Rails 3.2.3", "seats"=>"1", "starts_at(1i)"=>"2012", "starts_at(2i)"=>"5", "starts_at(3i)"=>"16", "starts_at(4i)"=>"10", "starts_at(5i)"=>"41", "end_at(1i)"=>"2012", "end_at(2i)"=>"5", "end_at(3i)"=>"16", "end_at(4i)"=>"10", "end_at(5i)"=>"41", "description"=>"Starting Ruby on Rails 3.2.3 Validations Checking. Error raised for -ve Price", "price"=>"0.0"}, "authenticity_token"=>"z0puE7yZqLHA38ZyBZqnBxMfZaxBCPRXIvwb5NVVisY=", "utf8"=>"✓"}
  [1m[36m (0.1ms)[0m  [1mbegin transaction[0m
  [1m[35mCourse Exists (0.1ms)[0m  SELECT 1 FROM "courses" WHERE "courses"."title" = 'Ruby on Rails 3.2.3' LIMIT 1
  [1m[36mSQL (0.5ms)[0m  [1mINSERT INTO "courses" ("created_at", "description", "end_at", "price", "seats", "starts_at", "title", "updated_at") VALUES (?, ?, ?, ?, ?, ?, ?, ?)[0m  [["created_at", Wed, 16 May 2012 10:43:21 UTC +00:00], ["description", "Starting Ruby on Rails 3.2.3 Validations Checking. Error raised for -ve Price"], ["end_at", Wed, 16 May 2012 10:41:00 UTC +00:00], ["price", #<BigDecimal:1063db150,'0.0',9(18)>], ["seats", 1], ["starts_at", Wed, 16 May 2012 10:41:00 UTC +00:00], ["title", "Ruby on Rails 3.2.3"], ["updated_at", Wed, 16 May 2012 10:43:21 UTC +00:00]]
  [1m[35m (1.2ms)[0m  commit transaction
Redirected to http://localhost:3000/courses/5
Completed 302 Found in 8ms (ActiveRecord: 1.8ms)


Started GET "/courses/5" for 127.0.0.1 at Wed May 16 16:13:21 +0530 2012
Processing by CoursesController#show as HTML
  Parameters: {"id"=>"5"}
  [1m[36mCourse Load (0.2ms)[0m  [1mSELECT "courses".* FROM "courses" WHERE "courses"."id" = ? LIMIT 1[0m  [["id", "5"]]
  Rendered courses/show.html.erb within layouts/application (0.8ms)
Completed 200 OK in 6ms (Views: 4.8ms | ActiveRecord: 0.2ms)


Started GET "/assets/application.css?body=1" for 127.0.0.1 at Wed May 16 16:13:21 +0530 2012
Served asset /application.css - 304 Not Modified (0ms)


Started GET "/assets/courses.css?body=1" for 127.0.0.1 at Wed May 16 16:13:21 +0530 2012
Served asset /courses.css - 304 Not Modified (0ms)


Started GET "/assets/scaffolds.css?body=1" for 127.0.0.1 at Wed May 16 16:13:21 +0530 2012
Served asset /scaffolds.css - 304 Not Modified (0ms)


Started GET "/assets/jquery.js?body=1" for 127.0.0.1 at Wed May 16 16:13:21 +0530 2012
Served asset /jquery.js - 304 Not Modified (0ms)


Started GET "/assets/jquery_ujs.js?body=1" for 127.0.0.1 at Wed May 16 16:13:21 +0530 2012
Served asset /jquery_ujs.js - 304 Not Modified (0ms)


Started GET "/assets/courses.js?body=1" for 127.0.0.1 at Wed May 16 16:13:21 +0530 2012
Served asset /courses.js - 304 Not Modified (0ms)


Started GET "/assets/application.js?body=1" for 127.0.0.1 at Wed May 16 16:13:21 +0530 2012
Served asset /application.js - 304 Not Modified (0ms)


Started GET "/courses" for 127.0.0.1 at Wed May 16 16:13:25 +0530 2012
Processing by CoursesController#index as HTML
  [1m[35mCourse Load (0.2ms)[0m  SELECT "courses".* FROM "courses" 
  Rendered courses/index.html.erb within layouts/application (3.8ms)
Completed 200 OK in 9ms (Views: 7.8ms | ActiveRecord: 0.2ms)


Started GET "/assets/courses.css?body=1" for 127.0.0.1 at Wed May 16 16:13:25 +0530 2012
Served asset /courses.css - 304 Not Modified (0ms)


Started GET "/assets/application.css?body=1" for 127.0.0.1 at Wed May 16 16:13:25 +0530 2012
Served asset /application.css - 304 Not Modified (0ms)


Started GET "/assets/jquery.js?body=1" for 127.0.0.1 at Wed May 16 16:13:25 +0530 2012
Served asset /jquery.js - 304 Not Modified (0ms)


Started GET "/assets/scaffolds.css?body=1" for 127.0.0.1 at Wed May 16 16:13:25 +0530 2012
Served asset /scaffolds.css - 304 Not Modified (0ms)


Started GET "/assets/courses.js?body=1" for 127.0.0.1 at Wed May 16 16:13:25 +0530 2012
Served asset /courses.js - 304 Not Modified (0ms)


Started GET "/assets/jquery_ujs.js?body=1" for 127.0.0.1 at Wed May 16 16:13:25 +0530 2012
Served asset /jquery_ujs.js - 304 Not Modified (0ms)


Started GET "/assets/application.js?body=1" for 127.0.0.1 at Wed May 16 16:13:25 +0530 2012
Served asset /application.js - 304 Not Modified (0ms)


Started GET "/courses/new" for 127.0.0.1 at Wed May 16 16:13:27 +0530 2012
Processing by CoursesController#new as HTML
  Rendered courses/_form.html.erb (15.9ms)
  Rendered courses/new.html.erb within layouts/application (17.0ms)
Completed 200 OK in 23ms (Views: 22.1ms | ActiveRecord: 0.0ms)


Started GET "/assets/courses.css?body=1" for 127.0.0.1 at Wed May 16 16:13:27 +0530 2012
Served asset /courses.css - 304 Not Modified (0ms)


Started GET "/assets/scaffolds.css?body=1" for 127.0.0.1 at Wed May 16 16:13:27 +0530 2012
Served asset /scaffolds.css - 304 Not Modified (0ms)


Started GET "/assets/application.css?body=1" for 127.0.0.1 at Wed May 16 16:13:27 +0530 2012
Served asset /application.css - 304 Not Modified (0ms)


Started GET "/assets/jquery_ujs.js?body=1" for 127.0.0.1 at Wed May 16 16:13:27 +0530 2012
Served asset /jquery_ujs.js - 304 Not Modified (0ms)


Started GET "/assets/courses.js?body=1" for 127.0.0.1 at Wed May 16 16:13:27 +0530 2012
Served asset /courses.js - 304 Not Modified (0ms)


Started GET "/assets/jquery.js?body=1" for 127.0.0.1 at Wed May 16 16:13:27 +0530 2012
Served asset /jquery.js - 304 Not Modified (0ms)


Started GET "/assets/application.js?body=1" for 127.0.0.1 at Wed May 16 16:13:27 +0530 2012
Served asset /application.js - 304 Not Modified (0ms)


Started POST "/courses" for 127.0.0.1 at Wed May 16 16:14:02 +0530 2012
Processing by CoursesController#create as HTML
  Parameters: {"commit"=>"Create Course", "course"=>{"title"=>"Ruby on Rails 3.2.3", "seats"=>"1", "starts_at(1i)"=>"2012", "starts_at(2i)"=>"5", "starts_at(3i)"=>"16", "starts_at(4i)"=>"10", "starts_at(5i)"=>"43", "end_at(1i)"=>"2012", "end_at(2i)"=>"5", "end_at(3i)"=>"16", "end_at(4i)"=>"10", "end_at(5i)"=>"43", "description"=>"Checking if error raised for duplicate title", "price"=>"0.0"}, "authenticity_token"=>"z0puE7yZqLHA38ZyBZqnBxMfZaxBCPRXIvwb5NVVisY=", "utf8"=>"✓"}
  [1m[36m (0.1ms)[0m  [1mbegin transaction[0m
  [1m[35mCourse Exists (0.1ms)[0m  SELECT 1 FROM "courses" WHERE "courses"."title" = 'Ruby on Rails 3.2.3' LIMIT 1
  [1m[36m (0.1ms)[0m  [1mrollback transaction[0m
  Rendered courses/_form.html.erb (17.2ms)
  Rendered courses/new.html.erb within layouts/application (18.8ms)
Completed 200 OK in 28ms (Views: 23.7ms | ActiveRecord: 0.3ms)


Started GET "/assets/application.css?body=1" for 127.0.0.1 at Wed May 16 16:14:02 +0530 2012
Served asset /application.css - 304 Not Modified (0ms)


Started GET "/assets/courses.css?body=1" for 127.0.0.1 at Wed May 16 16:14:02 +0530 2012
Served asset /courses.css - 304 Not Modified (0ms)


Started GET "/assets/scaffolds.css?body=1" for 127.0.0.1 at Wed May 16 16:14:02 +0530 2012
Served asset /scaffolds.css - 304 Not Modified (0ms)


Started GET "/assets/jquery.js?body=1" for 127.0.0.1 at Wed May 16 16:14:02 +0530 2012
Served asset /jquery.js - 304 Not Modified (0ms)


Started GET "/assets/jquery_ujs.js?body=1" for 127.0.0.1 at Wed May 16 16:14:02 +0530 2012
Served asset /jquery_ujs.js - 304 Not Modified (0ms)


Started GET "/assets/courses.js?body=1" for 127.0.0.1 at Wed May 16 16:14:02 +0530 2012
Served asset /courses.js - 304 Not Modified (0ms)


Started GET "/assets/application.js?body=1" for 127.0.0.1 at Wed May 16 16:14:02 +0530 2012
Served asset /application.js - 304 Not Modified (0ms)


Started POST "/courses" for 127.0.0.1 at Wed May 16 16:14:43 +0530 2012
Processing by CoursesController#create as HTML
  Parameters: {"commit"=>"Create Course", "course"=>{"title"=>"Ruby on Rails 3.2.3 Test", "seats"=>"1", "starts_at(1i)"=>"2012", "starts_at(2i)"=>"5", "starts_at(3i)"=>"16", "starts_at(4i)"=>"10", "starts_at(5i)"=>"43", "end_at(1i)"=>"2012", "end_at(2i)"=>"5", "end_at(3i)"=>"16", "end_at(4i)"=>"10", "end_at(5i)"=>"43", "description"=>"Checking if error raised for duplicate title, Error Raised 'Title has already been taken'", "price"=>"0.0"}, "authenticity_token"=>"z0puE7yZqLHA38ZyBZqnBxMfZaxBCPRXIvwb5NVVisY=", "utf8"=>"✓"}
  [1m[35m (0.1ms)[0m  begin transaction
  [1m[36mCourse Exists (0.1ms)[0m  [1mSELECT 1 FROM "courses" WHERE "courses"."title" = 'Ruby on Rails 3.2.3 Test' LIMIT 1[0m
  [1m[35mSQL (0.4ms)[0m  INSERT INTO "courses" ("created_at", "description", "end_at", "price", "seats", "starts_at", "title", "updated_at") VALUES (?, ?, ?, ?, ?, ?, ?, ?)  [["created_at", Wed, 16 May 2012 10:44:43 UTC +00:00], ["description", "Checking if error raised for duplicate title, Error Raised 'Title has already been taken'"], ["end_at", Wed, 16 May 2012 10:43:00 UTC +00:00], ["price", #<BigDecimal:106779410,'0.0',9(18)>], ["seats", 1], ["starts_at", Wed, 16 May 2012 10:43:00 UTC +00:00], ["title", "Ruby on Rails 3.2.3 Test"], ["updated_at", Wed, 16 May 2012 10:44:43 UTC +00:00]]
  [1m[36m (0.6ms)[0m  [1mcommit transaction[0m
Redirected to http://localhost:3000/courses/6
Completed 302 Found in 6ms (ActiveRecord: 1.2ms)


Started GET "/courses/6" for 127.0.0.1 at Wed May 16 16:14:43 +0530 2012
Processing by CoursesController#show as HTML
  Parameters: {"id"=>"6"}
  [1m[35mCourse Load (0.1ms)[0m  SELECT "courses".* FROM "courses" WHERE "courses"."id" = ? LIMIT 1  [["id", "6"]]
  Rendered courses/show.html.erb within layouts/application (0.9ms)
Completed 200 OK in 6ms (Views: 4.8ms | ActiveRecord: 0.1ms)


Started GET "/assets/application.css?body=1" for 127.0.0.1 at Wed May 16 16:14:43 +0530 2012
Served asset /application.css - 304 Not Modified (0ms)


Started GET "/assets/courses.css?body=1" for 127.0.0.1 at Wed May 16 16:14:43 +0530 2012
Served asset /courses.css - 304 Not Modified (0ms)


Started GET "/assets/scaffolds.css?body=1" for 127.0.0.1 at Wed May 16 16:14:43 +0530 2012
Served asset /scaffolds.css - 304 Not Modified (0ms)


Started GET "/assets/jquery.js?body=1" for 127.0.0.1 at Wed May 16 16:14:43 +0530 2012
Served asset /jquery.js - 304 Not Modified (0ms)


Started GET "/assets/jquery_ujs.js?body=1" for 127.0.0.1 at Wed May 16 16:14:43 +0530 2012
Served asset /jquery_ujs.js - 304 Not Modified (0ms)


Started GET "/assets/courses.js?body=1" for 127.0.0.1 at Wed May 16 16:14:44 +0530 2012
Served asset /courses.js - 304 Not Modified (0ms)


Started GET "/assets/application.js?body=1" for 127.0.0.1 at Wed May 16 16:14:44 +0530 2012
Served asset /application.js - 304 Not Modified (0ms)


Started GET "/courses" for 127.0.0.1 at Wed May 16 16:14:47 +0530 2012
Processing by CoursesController#index as HTML
  [1m[36mCourse Load (0.2ms)[0m  [1mSELECT "courses".* FROM "courses" [0m
  Rendered courses/index.html.erb within layouts/application (4.6ms)
Completed 200 OK in 10ms (Views: 9.2ms | ActiveRecord: 0.2ms)


Started GET "/assets/application.css?body=1" for 127.0.0.1 at Wed May 16 16:14:47 +0530 2012
Served asset /application.css - 304 Not Modified (0ms)


Started GET "/assets/courses.css?body=1" for 127.0.0.1 at Wed May 16 16:14:47 +0530 2012
Served asset /courses.css - 304 Not Modified (0ms)


Started GET "/assets/courses.js?body=1" for 127.0.0.1 at Wed May 16 16:14:47 +0530 2012
Served asset /courses.js - 304 Not Modified (0ms)


Started GET "/assets/jquery_ujs.js?body=1" for 127.0.0.1 at Wed May 16 16:14:47 +0530 2012
Served asset /jquery_ujs.js - 304 Not Modified (0ms)


Started GET "/assets/jquery.js?body=1" for 127.0.0.1 at Wed May 16 16:14:47 +0530 2012
Served asset /jquery.js - 304 Not Modified (0ms)


Started GET "/assets/scaffolds.css?body=1" for 127.0.0.1 at Wed May 16 16:14:47 +0530 2012
Served asset /scaffolds.css - 304 Not Modified (0ms)


Started GET "/assets/application.js?body=1" for 127.0.0.1 at Wed May 16 16:14:47 +0530 2012
Served asset /application.js - 304 Not Modified (0ms)
  [1m[36m (0.1ms)[0m  [1mSELECT "schema_migrations"."version" FROM "schema_migrations" [0m
  [1m[35m (0.1ms)[0m  select sqlite_version(*)
  [1m[36m (160.6ms)[0m  [1mCREATE TABLE "courses" ("id" INTEGER PRIMARY KEY AUTOINCREMENT NOT NULL, "title" varchar(255), "description" text, "price" decimal, "seats" integer, "starts_at" datetime, "end_at" datetime, "created_at" datetime NOT NULL, "updated_at" datetime NOT NULL) [0m
  [1m[35m (16.0ms)[0m  CREATE TABLE "schema_migrations" ("version" varchar(255) NOT NULL) 
  [1m[36m (0.1ms)[0m  [1mPRAGMA index_list("schema_migrations")[0m
  [1m[35m (5.2ms)[0m  CREATE UNIQUE INDEX "unique_schema_migrations" ON "schema_migrations" ("version")
  [1m[36m (0.1ms)[0m  [1mSELECT version FROM "schema_migrations"[0m
  [1m[35m (1.4ms)[0m  INSERT INTO "schema_migrations" (version) VALUES ('20120516054727')
  [1m[36m (0.1ms)[0m  [1mSELECT "schema_migrations"."version" FROM "schema_migrations" [0m
  [1m[35m (0.1ms)[0m  select sqlite_version(*)
  [1m[36m (2.4ms)[0m  [1mCREATE TABLE "courses" ("id" INTEGER PRIMARY KEY AUTOINCREMENT NOT NULL, "title" varchar(255), "description" text, "price" decimal, "seats" integer, "starts_at" datetime, "end_at" datetime, "created_at" datetime NOT NULL, "updated_at" datetime NOT NULL) [0m
  [1m[35m (1.1ms)[0m  CREATE TABLE "schema_migrations" ("version" varchar(255) NOT NULL) 
  [1m[36m (0.0ms)[0m  [1mPRAGMA index_list("schema_migrations")[0m
  [1m[35m (0.9ms)[0m  CREATE UNIQUE INDEX "unique_schema_migrations" ON "schema_migrations" ("version")
  [1m[36m (0.1ms)[0m  [1mSELECT version FROM "schema_migrations"[0m
  [1m[35m (1.2ms)[0m  INSERT INTO "schema_migrations" (version) VALUES ('20120516054727')
  [1m[36m (0.1ms)[0m  [1mSELECT "schema_migrations"."version" FROM "schema_migrations" [0m
  [1m[35m (0.1ms)[0m  select sqlite_version(*)
  [1m[36m (2.1ms)[0m  [1mCREATE TABLE "courses" ("id" INTEGER PRIMARY KEY AUTOINCREMENT NOT NULL, "title" varchar(255), "description" text, "price" decimal, "seats" integer, "starts_at" datetime, "end_at" datetime, "created_at" datetime NOT NULL, "updated_at" datetime NOT NULL) [0m
  [1m[35m (1.0ms)[0m  CREATE TABLE "schema_migrations" ("version" varchar(255) NOT NULL) 
  [1m[36m (0.0ms)[0m  [1mPRAGMA index_list("schema_migrations")[0m
  [1m[35m (1.0ms)[0m  CREATE UNIQUE INDEX "unique_schema_migrations" ON "schema_migrations" ("version")
  [1m[36m (0.1ms)[0m  [1mSELECT version FROM "schema_migrations"[0m
  [1m[35m (1.1ms)[0m  INSERT INTO "schema_migrations" (version) VALUES ('20120516054727')
