

Started GET "/rails/info/properties" for 127.0.0.1 at Sat May 05 15:28:03 +0530 2012
  Processing by Rails::InfoController#properties as HTML
  [1m[36mSQL (4.7ms)[0m  [1m SELECT name
 FROM sqlite_master
 WHERE type = 'table' AND NOT name = 'sqlite_sequence'
[0m
Rendered inline template (0.2ms)
Completed 200 OK in 15ms (Views: 1.0ms | ActiveRecord: 4.7ms)


Started GET "/rails/info/properties" for 127.0.0.1 at Sat May 05 15:28:15 +0530 2012
  Processing by Rails::InfoController#properties as HTML
Rendered inline template (0.3ms)
Completed 200 OK in 1ms (Views: 0.8ms | ActiveRecord: 0.0ms)


Started GET "/say/hello" for 127.0.0.1 at Sat May 05 15:46:47 +0530 2012
  Processing by SayController#hello as HTML
Rendered say/hello.html.erb within layouts/application (1.6ms)
Completed 200 OK in 7ms (Views: 6.8ms | ActiveRecord: 0.0ms)


Started GET "/say/hello" for 127.0.0.1 at Sat May 05 15:50:45 +0530 2012
  Processing by SayController#hello as HTML
Rendered say/hello.html.erb within layouts/application (1.3ms)
Completed 200 OK in 6ms (Views: 5.6ms | ActiveRecord: 0.0ms)


Started GET "/say/hello" for 127.0.0.1 at Sat May 05 15:52:57 +0530 2012
  Processing by SayController#hello as HTML
Rendered say/hello.html.erb within layouts/application (1.4ms)
Completed 200 OK in 5ms (Views: 5.1ms | ActiveRecord: 0.0ms)


Started GET "/say/hello" for 127.0.0.1 at Sat May 05 15:53:35 +0530 2012
  Processing by SayController#hello as HTML
Rendered say/hello.html.erb within layouts/application (1.3ms)
Completed 200 OK in 6ms (Views: 5.4ms | ActiveRecord: 0.0ms)


Started GET "/say/hello" for 127.0.0.1 at Sat May 05 15:53:39 +0530 2012
  Processing by SayController#hello as HTML
Rendered say/hello.html.erb within layouts/application (1.3ms)
Completed 200 OK in 5ms (Views: 4.7ms | ActiveRecord: 0.0ms)


Started GET "/rails/info/properties" for 127.0.0.1 at Sat May 05 15:53:47 +0530 2012
  Processing by Rails::InfoController#properties as HTML
  [1m[36mSQL (0.4ms)[0m  [1m SELECT name
 FROM sqlite_master
 WHERE type = 'table' AND NOT name = 'sqlite_sequence'
[0m
Rendered inline template (0.2ms)
Completed 200 OK in 12ms (Views: 0.8ms | ActiveRecord: 0.4ms)


Started GET "/say/hello" for 127.0.0.1 at Sat May 05 15:54:13 +0530 2012
  Processing by SayController#hello as HTML
Rendered say/hello.html.erb within layouts/application (1.8ms)
Completed 200 OK in 8ms (Views: 7.5ms | ActiveRecord: 0.0ms)


Started GET "/say/hello" for 127.0.0.1 at Sat May 05 15:55:08 +0530 2012
  Processing by SayController#hello as HTML
Rendered say/hello.html.erb within layouts/application (35.5ms)
Completed 200 OK in 40ms (Views: 39.3ms | ActiveRecord: 0.0ms)


Started GET "/say/hello" for 127.0.0.1 at Sat May 05 16:00:25 +0530 2012
  Processing by SayController#hello as HTML
Rendered say/hello.html.erb within layouts/application (1.4ms)
Completed 200 OK in 6ms (Views: 5.4ms | ActiveRecord: 0.0ms)


Started GET "/say/hello" for 127.0.0.1 at Sat May 05 16:41:57 +0530 2012
  Processing by SayController#hello as HTML
Rendered say/hello.html.erb within layouts/application (3.6ms)
Completed 200 OK in 38ms (Views: 37.7ms | ActiveRecord: 0.0ms)


Started GET "/say" for 127.0.0.1 at Sat May 05 16:42:22 +0530 2012

ActionController::RoutingError (No route matches "/say"):
  

Rendered /opt/local/lib/ruby/gems/1.8/gems/actionpack-3.0.5/lib/action_dispatch/middleware/templates/rescues/routing_error.erb within rescues/layout (0.6ms)


Started GET "/say/hello" for 127.0.0.1 at Sat May 05 16:42:34 +0530 2012
  Processing by SayController#hello as HTML
Rendered say/hello.html.erb within layouts/application (1.8ms)
Completed 200 OK in 5ms (Views: 5.1ms | ActiveRecord: 0.0ms)


Started GET "/say/goodbye" for 127.0.0.1 at Sat May 05 16:42:44 +0530 2012
  Processing by SayController#goodbye as HTML
Rendered say/goodbye.html.erb within layouts/application (1.5ms)
Completed 200 OK in 6ms (Views: 5.3ms | ActiveRecord: 0.0ms)


Started GET "/say/hello" for 127.0.0.1 at Sat May 05 16:43:08 +0530 2012
  Processing by SayController#hello as HTML
Rendered say/hello.html.erb within layouts/application (1.8ms)
Completed 200 OK in 6ms (Views: 5.7ms | ActiveRecord: 0.0ms)


Started GET "/say/hello" for 127.0.0.1 at Sat May 05 16:44:45 +0530 2012
  Processing by SayController#hello as HTML
Rendered say/hello.html.erb within layouts/application (1.6ms)
Completed 200 OK in 6ms (Views: 5.4ms | ActiveRecord: 0.0ms)


Started GET "/say/hello" for 127.0.0.1 at Sat May 05 16:47:39 +0530 2012
  Processing by SayController#hello as HTML
Rendered say/hello.html.erb within layouts/application (1.5ms)
Completed 200 OK in 6ms (Views: 5.3ms | ActiveRecord: 0.0ms)


Started GET "/say/goodbye" for 127.0.0.1 at Sat May 05 16:47:41 +0530 2012
  Processing by SayController#goodbye as HTML
Rendered say/goodbye.html.erb within layouts/application (1.6ms)
Completed 200 OK in 6ms (Views: 5.7ms | ActiveRecord: 0.0ms)


Started GET "/say/hello" for 127.0.0.1 at Sat May 05 16:47:42 +0530 2012
  Processing by SayController#hello as HTML
Rendered say/hello.html.erb within layouts/application (1.8ms)
Completed 200 OK in 6ms (Views: 5.9ms | ActiveRecord: 0.0ms)


Started GET "/say/goodbye" for 127.0.0.1 at Sat May 05 16:47:44 +0530 2012
  Processing by SayController#goodbye as HTML
Rendered say/goodbye.html.erb within layouts/application (2.7ms)
Completed 200 OK in 9ms (Views: 8.7ms | ActiveRecord: 0.0ms)


Started GET "/say/hello" for 127.0.0.1 at Sat May 05 16:47:45 +0530 2012
  Processing by SayController#hello as HTML
Rendered say/hello.html.erb within layouts/application (1.7ms)
Completed 200 OK in 6ms (Views: 5.6ms | ActiveRecord: 0.0ms)


Started GET "/say/goodbye" for 127.0.0.1 at Sat May 05 16:47:46 +0530 2012
  Processing by SayController#goodbye as HTML
Rendered say/goodbye.html.erb within layouts/application (1.7ms)
Completed 200 OK in 6ms (Views: 5.7ms | ActiveRecord: 0.0ms)


Started GET "/say/hello" for 127.0.0.1 at Sat May 05 16:49:22 +0530 2012
  Processing by SayController#hello as HTML
Rendered say/hello.html.erb within layouts/application (2.0ms)
Completed 200 OK in 6ms (Views: 6.0ms | ActiveRecord: 0.0ms)


Started GET "/say/goodbye" for 127.0.0.1 at Sat May 05 16:49:23 +0530 2012
  Processing by SayController#goodbye as HTML
Rendered say/goodbye.html.erb within layouts/application (2.6ms)
Completed 200 OK in 9ms (Views: 8.8ms | ActiveRecord: 0.0ms)


Started GET "/say/hello" for 127.0.0.1 at Sat May 05 16:49:24 +0530 2012
  Processing by SayController#hello as HTML
Rendered say/hello.html.erb within layouts/application (2.6ms)
Completed 200 OK in 8ms (Views: 7.5ms | ActiveRecord: 0.0ms)


Started GET "/say/goodbye" for 127.0.0.1 at Sat May 05 16:49:25 +0530 2012
  Processing by SayController#goodbye as HTML
Rendered say/goodbye.html.erb within layouts/application (1.7ms)
Completed 200 OK in 6ms (Views: 5.4ms | ActiveRecord: 0.0ms)


Started GET "/say/hello" for 127.0.0.1 at Sat May 05 17:50:02 +0530 2012
  Processing by SayController#hello as HTML
Rendered say/hello.html.erb within layouts/application (3.2ms)
Completed 200 OK in 25ms (Views: 24.6ms | ActiveRecord: 0.0ms)


Started GET "/say/goodbye" for 127.0.0.1 at Sat May 05 17:50:05 +0530 2012
  Processing by SayController#goodbye as HTML
Rendered say/goodbye.html.erb within layouts/application (1.6ms)
Completed 200 OK in 11ms (Views: 10.8ms | ActiveRecord: 0.0ms)


Started GET "/say" for 127.0.0.1 at Wed May 09 14:26:15 +0530 2012

ActionController::RoutingError (No route matches "/say"):
  

Rendered /opt/local/lib/ruby/gems/1.8/gems/actionpack-3.0.5/lib/action_dispatch/middleware/templates/rescues/routing_error.erb within rescues/layout (1.0ms)


Started GET "/rails/info/properties" for 127.0.0.1 at Wed May 09 14:26:34 +0530 2012
  Processing by Rails::InfoController#properties as HTML
  [1m[36mSQL (23.4ms)[0m  [1m SELECT name
 FROM sqlite_master
 WHERE type = 'table' AND NOT name = 'sqlite_sequence'
[0m
Rendered inline template (0.5ms)
Completed 200 OK in 53ms (Views: 1.9ms | ActiveRecord: 23.4ms)


Started GET "/say/hello" for 127.0.0.1 at Wed May 09 14:28:19 +0530 2012
  Processing by SayController#hello as HTML
Rendered say/hello.html.erb within layouts/application (3.2ms)
Completed 200 OK in 19ms (Views: 19.0ms | ActiveRecord: 0.0ms)


Started GET "/say/goodbye" for 127.0.0.1 at Wed May 09 14:28:22 +0530 2012
  Processing by SayController#goodbye as HTML
Rendered say/goodbye.html.erb within layouts/application (2.7ms)
Completed 200 OK in 45ms (Views: 45.1ms | ActiveRecord: 0.0ms)


Started GET "/say/hello" for 127.0.0.1 at Wed May 09 14:28:25 +0530 2012
  Processing by SayController#hello as HTML
Rendered say/hello.html.erb within layouts/application (2.8ms)
Completed 200 OK in 9ms (Views: 8.8ms | ActiveRecord: 0.0ms)


Started GET "/say/goodbye" for 127.0.0.1 at Wed May 09 14:28:27 +0530 2012
  Processing by SayController#goodbye as HTML
Rendered say/goodbye.html.erb within layouts/application (1.7ms)
Completed 200 OK in 6ms (Views: 6.1ms | ActiveRecord: 0.0ms)


Started GET "/say" for 127.0.0.1 at Thu May 10 20:08:01 +0530 2012

ActionController::RoutingError (No route matches "/say"):
  

Rendered /opt/local/lib/ruby/gems/1.8/gems/actionpack-3.0.5/lib/action_dispatch/middleware/templates/rescues/routing_error.erb within rescues/layout (1.6ms)


Started GET "/say/hello" for 127.0.0.1 at Thu May 10 20:08:10 +0530 2012
  Processing by SayController#hello as HTML
Rendered say/hello.html.erb within layouts/application (3.1ms)
Completed 200 OK in 35ms (Views: 34.7ms | ActiveRecord: 0.0ms)


Started GET "/say/goodbye" for 127.0.0.1 at Thu May 10 20:08:15 +0530 2012
  Processing by SayController#goodbye as HTML
Rendered say/goodbye.html.erb within layouts/application (2.7ms)
Completed 200 OK in 55ms (Views: 54.3ms | ActiveRecord: 0.0ms)


Started GET "/rails/info/properties" for 127.0.0.1 at Fri May 11 11:31:55 +0530 2012
  Processing by Rails::InfoController#properties as HTML
  [1m[36mSQL (22.3ms)[0m  [1m SELECT name
 FROM sqlite_master
 WHERE type = 'table' AND NOT name = 'sqlite_sequence'
[0m
Rendered inline template (0.4ms)
Completed 200 OK in 53ms (Views: 1.7ms | ActiveRecord: 22.3ms)


Started GET "/rails/info/properties" for 127.0.0.1 at Fri May 11 11:33:16 +0530 2012
  Processing by Rails::InfoController#properties as HTML
Rendered inline template (0.3ms)
Completed 200 OK in 1ms (Views: 0.8ms | ActiveRecord: 0.0ms)


Started GET "/say/hello" for 127.0.0.1 at Fri May 11 11:34:00 +0530 2012
  Processing by SayController#hello as HTML
Rendered say/hello.html.erb within layouts/application (3.1ms)
Completed 200 OK in 20ms (Views: 19.9ms | ActiveRecord: 0.0ms)


Started GET "/say/goodbye" for 127.0.0.1 at Fri May 11 11:34:03 +0530 2012
  Processing by SayController#goodbye as HTML
Rendered say/goodbye.html.erb within layouts/application (2.7ms)
Completed 200 OK in 42ms (Views: 41.2ms | ActiveRecord: 0.0ms)


Started GET "/say/hello" for 127.0.0.1 at Fri May 11 11:36:51 +0530 2012
  Processing by SayController#hello as HTML
Rendered say/hello.html.erb within layouts/application (1.8ms)
Completed 200 OK in 7ms (Views: 7.1ms | ActiveRecord: 0.0ms)


Started GET "/say/goodbye" for 127.0.0.1 at Fri May 11 11:38:06 +0530 2012
  Processing by SayController#goodbye as HTML
Rendered say/goodbye.html.erb within layouts/application (2.3ms)
Completed 200 OK in 9ms (Views: 8.3ms | ActiveRecord: 0.0ms)


Started GET "/say/hello" for 127.0.0.1 at Fri May 11 11:38:08 +0530 2012
  Processing by SayController#hello as HTML
Rendered say/hello.html.erb within layouts/application (2.6ms)
Completed 200 OK in 9ms (Views: 9.0ms | ActiveRecord: 0.0ms)
